Apr-10 23:39:26 [restartedMain] INFO  c.e.d.SpringbootrestdemoApplication - Starting SpringbootrestdemoApplication using Java 15.0.1 on LIN22005974 with PID 17904 (C:\Users\akgupta\Documents\workspace-spring-tool-suite-4-4.9.0.RELEASE\springbootrestdemo\target\classes started by akgupta in C:\Users\akgupta\Documents\workspace-spring-tool-suite-4-4.9.0.RELEASE\springbootrestdemo)
Apr-10 23:39:26 [restartedMain] INFO  c.e.d.SpringbootrestdemoApplication - No active profile set, falling back to default profiles: default
Apr-10 23:39:26 [restartedMain] INFO  o.s.d.r.c.RepositoryConfigurationDelegate - Bootstrapping Spring Data JPA repositories in DEFAULT mode.
Apr-10 23:39:26 [restartedMain] INFO  o.s.d.r.c.RepositoryConfigurationDelegate - Finished Spring Data repository scanning in 15 ms. Found 1 JPA repository interfaces.
Apr-10 23:39:26 [restartedMain] INFO  o.s.b.w.e.tomcat.TomcatWebServer - Tomcat initialized with port(s): 8082 (http)
Apr-10 23:39:26 [restartedMain] INFO  o.a.catalina.core.StandardService - Starting service [Tomcat]
Apr-10 23:39:26 [restartedMain] INFO  o.a.catalina.core.StandardEngine - Starting Servlet engine: [Apache Tomcat/9.0.44]
Apr-10 23:39:27 [restartedMain] INFO  o.a.c.c.C.[Tomcat].[localhost].[/] - Initializing Spring embedded WebApplicationContext
Apr-10 23:39:27 [restartedMain] INFO  o.s.b.w.s.c.ServletWebServerApplicationContext - Root WebApplicationContext: initialization completed in 941 ms
Apr-10 23:39:27 [restartedMain] INFO  com.zaxxer.hikari.HikariDataSource - HikariPool-2 - Starting...
Apr-10 23:39:27 [restartedMain] INFO  com.zaxxer.hikari.HikariDataSource - HikariPool-2 - Start completed.
Apr-10 23:39:27 [restartedMain] INFO  o.s.b.a.h.H2ConsoleAutoConfiguration - H2 console available at '/h2-console'. Database available at 'jdbc:h2:mem:addToNurseDB'
Apr-10 23:39:27 [restartedMain] INFO  o.h.jpa.internal.util.LogHelper - HHH000204: Processing PersistenceUnitInfo [name: default]
Apr-10 23:39:27 [restartedMain] INFO  org.hibernate.dialect.Dialect - HHH000400: Using dialect: org.hibernate.dialect.H2Dialect
Apr-10 23:39:27 [restartedMain] INFO  o.h.e.t.j.p.i.JtaPlatformInitiator - HHH000490: Using JtaPlatform implementation: [org.hibernate.engine.transaction.jta.platform.internal.NoJtaPlatform]
Apr-10 23:39:27 [restartedMain] INFO  o.s.o.j.LocalContainerEntityManagerFactoryBean - Initialized JPA EntityManagerFactory for persistence unit 'default'
Apr-10 23:39:27 [restartedMain] INFO  o.s.b.d.a.OptionalLiveReloadServer - LiveReload server is running on port 35729
Apr-10 23:39:27 [restartedMain] WARN  o.s.b.a.o.j.JpaBaseConfiguration$JpaWebConfiguration - spring.jpa.open-in-view is enabled by default. Therefore, database queries may be performed during view rendering. Explicitly configure spring.jpa.open-in-view to disable this warning
Apr-10 23:39:27 [restartedMain] INFO  s.d.s.w.PropertySourcedRequestMappingHandlerMapping - Mapped URL path [/v2/api-docs] onto method [springfox.documentation.swagger2.web.Swagger2Controller#getDocumentation(String, HttpServletRequest)]
Apr-10 23:39:27 [restartedMain] INFO  o.s.s.c.ThreadPoolTaskExecutor - Initializing ExecutorService 'applicationTaskExecutor'
Apr-10 23:39:27 [restartedMain] INFO  o.s.b.w.e.tomcat.TomcatWebServer - Tomcat started on port(s): 8082 (http) with context path ''
Apr-10 23:39:27 [restartedMain] INFO  s.d.s.w.p.DocumentationPluginsBootstrapper - Context refreshed
Apr-10 23:39:27 [restartedMain] INFO  s.d.s.w.p.DocumentationPluginsBootstrapper - Found 1 custom documentation plugin(s)
Apr-10 23:39:27 [restartedMain] INFO  s.d.s.w.s.ApiListingReferenceScanner - Scanning for api listing references
Apr-10 23:39:27 [restartedMain] INFO  c.e.d.SpringbootrestdemoApplication - Started SpringbootrestdemoApplication in 1.762 seconds (JVM running for 193.679)
Apr-10 23:39:27 [restartedMain] INFO  o.s.b.d.a.ConditionEvaluationDeltaLoggingListener - Condition evaluation unchanged
Apr-10 23:39:27 [restartedMain] INFO  c.e.d.SpringbootrestdemoApplication - Message logged at info level
Apr-10 23:39:27 [restartedMain] ERROR c.e.d.SpringbootrestdemoApplication - Message logged at error level
Apr-10 23:39:27 [restartedMain] WARN  c.e.d.SpringbootrestdemoApplication - Message logged at warn level
Apr-10 23:42:43 [Thread-9] INFO  o.s.s.c.ThreadPoolTaskExecutor - Shutting down ExecutorService 'applicationTaskExecutor'
Apr-10 23:42:43 [Thread-9] INFO  o.s.o.j.LocalContainerEntityManagerFactoryBean - Closing JPA EntityManagerFactory for persistence unit 'default'
Apr-10 23:42:43 [Thread-9] INFO  o.h.t.s.i.SchemaDropperImpl$DelayedDropActionImpl - HHH000477: Starting delayed evictData of schema as part of SessionFactory shut-down'
Apr-10 23:42:44 [Thread-9] WARN  o.s.b.f.s.DisposableBeanAdapter - Invocation of destroy method failed on bean with name 'inMemoryDatabaseShutdownExecutor': org.h2.jdbc.JdbcSQLNonTransientConnectionException: Database is already closed (to disable automatic closing at VM shutdown, add ";DB_CLOSE_ON_EXIT=FALSE" to the db URL) [90121-200]
Apr-10 23:42:44 [Thread-9] INFO  com.zaxxer.hikari.HikariDataSource - HikariPool-2 - Shutdown initiated...
Apr-10 23:42:44 [Thread-9] INFO  com.zaxxer.hikari.HikariDataSource - HikariPool-2 - Shutdown completed.
Apr-10 23:42:44 [restartedMain] INFO  c.e.d.SpringbootrestdemoApplication - Starting SpringbootrestdemoApplication using Java 15.0.1 on LIN22005974 with PID 17904 (C:\Users\akgupta\Documents\workspace-spring-tool-suite-4-4.9.0.RELEASE\springbootrestdemo\target\classes started by akgupta in C:\Users\akgupta\Documents\workspace-spring-tool-suite-4-4.9.0.RELEASE\springbootrestdemo)
Apr-10 23:42:44 [restartedMain] INFO  c.e.d.SpringbootrestdemoApplication - No active profile set, falling back to default profiles: default
Apr-10 23:42:44 [restartedMain] INFO  o.s.d.r.c.RepositoryConfigurationDelegate - Bootstrapping Spring Data JPA repositories in DEFAULT mode.
Apr-10 23:42:45 [restartedMain] INFO  o.s.d.r.c.RepositoryConfigurationDelegate - Finished Spring Data repository scanning in 13 ms. Found 1 JPA repository interfaces.
Apr-10 23:42:45 [restartedMain] INFO  o.s.b.w.e.tomcat.TomcatWebServer - Tomcat initialized with port(s): 8082 (http)
Apr-10 23:42:45 [restartedMain] INFO  o.a.catalina.core.StandardService - Starting service [Tomcat]
Apr-10 23:42:45 [restartedMain] INFO  o.a.catalina.core.StandardEngine - Starting Servlet engine: [Apache Tomcat/9.0.44]
Apr-10 23:42:45 [restartedMain] INFO  o.a.c.c.C.[Tomcat].[localhost].[/] - Initializing Spring embedded WebApplicationContext
Apr-10 23:42:45 [restartedMain] INFO  o.s.b.w.s.c.ServletWebServerApplicationContext - Root WebApplicationContext: initialization completed in 857 ms
Apr-10 23:42:45 [restartedMain] INFO  com.zaxxer.hikari.HikariDataSource - HikariPool-3 - Starting...
Apr-10 23:42:45 [restartedMain] INFO  com.zaxxer.hikari.HikariDataSource - HikariPool-3 - Start completed.
Apr-10 23:42:45 [restartedMain] INFO  o.s.b.a.h.H2ConsoleAutoConfiguration - H2 console available at '/h2-console'. Database available at 'jdbc:h2:mem:addToNurseDB'
Apr-10 23:42:45 [restartedMain] INFO  o.h.jpa.internal.util.LogHelper - HHH000204: Processing PersistenceUnitInfo [name: default]
Apr-10 23:42:45 [restartedMain] INFO  org.hibernate.dialect.Dialect - HHH000400: Using dialect: org.hibernate.dialect.H2Dialect
Apr-10 23:42:45 [restartedMain] INFO  o.h.e.t.j.p.i.JtaPlatformInitiator - HHH000490: Using JtaPlatform implementation: [org.hibernate.engine.transaction.jta.platform.internal.NoJtaPlatform]
Apr-10 23:42:45 [restartedMain] INFO  o.s.o.j.LocalContainerEntityManagerFactoryBean - Initialized JPA EntityManagerFactory for persistence unit 'default'
Apr-10 23:42:45 [restartedMain] INFO  o.s.b.d.a.OptionalLiveReloadServer - LiveReload server is running on port 35729
Apr-10 23:42:45 [restartedMain] WARN  o.s.b.a.o.j.JpaBaseConfiguration$JpaWebConfiguration - spring.jpa.open-in-view is enabled by default. Therefore, database queries may be performed during view rendering. Explicitly configure spring.jpa.open-in-view to disable this warning
Apr-10 23:42:45 [restartedMain] INFO  s.d.s.w.PropertySourcedRequestMappingHandlerMapping - Mapped URL path [/v2/api-docs] onto method [springfox.documentation.swagger2.web.Swagger2Controller#getDocumentation(String, HttpServletRequest)]
Apr-10 23:42:45 [restartedMain] INFO  o.s.s.c.ThreadPoolTaskExecutor - Initializing ExecutorService 'applicationTaskExecutor'
Apr-10 23:42:45 [restartedMain] INFO  o.s.b.w.e.tomcat.TomcatWebServer - Tomcat started on port(s): 8082 (http) with context path ''
Apr-10 23:42:45 [restartedMain] INFO  s.d.s.w.p.DocumentationPluginsBootstrapper - Context refreshed
Apr-10 23:42:45 [restartedMain] INFO  s.d.s.w.p.DocumentationPluginsBootstrapper - Found 1 custom documentation plugin(s)
Apr-10 23:42:45 [restartedMain] INFO  s.d.s.w.s.ApiListingReferenceScanner - Scanning for api listing references
Apr-10 23:42:45 [restartedMain] INFO  c.e.d.SpringbootrestdemoApplication - Started SpringbootrestdemoApplication in 1.467 seconds (JVM running for 391.712)
Apr-10 23:42:45 [restartedMain] INFO  o.s.b.d.a.ConditionEvaluationDeltaLoggingListener - Condition evaluation unchanged
Apr-10 23:42:45 [restartedMain] INFO  c.e.d.SpringbootrestdemoApplication - Message logged at info level
Apr-10 23:42:45 [restartedMain] ERROR c.e.d.SpringbootrestdemoApplication - Message logged at error level
Apr-10 23:42:45 [restartedMain] WARN  c.e.d.SpringbootrestdemoApplication - Message logged at warn level
